

-------------------------------------------------------------------------------------------------
Running check for Application: application_1489052008885_0010 in logs at /tmp
-------------------------------------------------------------------------------------------------


-------------------------------------------------------------------------------------------------
Here is the list of Containers launched for application: application_1489052008885_0010
-------------------------------------------------------------------------------------------------

-------------------------------------------------------------------------------------------------
| Time Stamp           |   State  |          Applicatoin ID       | User | Queue name| Curr Apps|
-------------------------------------------------------------------------------------------------
2017-03-1013:30:00,424 | Accepted | application_1489052008885_0010|mapr, | default,  | 2
-------------------------------------------------------------------------------------------------

Master Container On: 
==================== 

2017-03-10 13:30:02,886 INFO org.apache.hadoop.yarn.server.resourcemanager.rmapp.attempt.RMAppAttemptImpl: Storing attempt: AppId: application_1489052008885_0010 AttemptId: appattempt_1489052008885_0010_000001 MasterContainer: Container: [ContainerId: container_e19_1489052008885_0010_01_000001, NodeId: sat-node6.cluster.com:57253, NodeHttpAddress: sat-node6.cluster.com:8042, Resource: <memory:1024, vCores:1, disks:0.0>, Priority: 0, Token: Token { kind: ContainerToken, service: 10.10.71.24:57253 }, ]


Containers: 
=========== 

-------------------------------------------------------------------------------------------------------------------------------------
2017-03-10 |13:30:02,884	 |Allocated	 |RESULT=SUCCESS	 |CONTAINERID=container_e19_1489052008885_0010_01_000001   |
2017-03-10 |13:30:30,504	 |Allocated	 |RESULT=SUCCESS	 |CONTAINERID=container_e19_1489052008885_0010_01_000004   |
2017-03-10 |13:30:45,626	 |Released	 |RESULT=SUCCESS	 |CONTAINERID=container_e19_1489052008885_0010_01_000004   |
2017-03-10 |13:30:46,035	 |Released	 |RESULT=SUCCESS	 |CONTAINERID=container_e19_1489052008885_0010_01_000001   |
2017-03-10 |13:30:46,035	 |Allocated	 |RESULT=SUCCESS	 |CONTAINERID=container_e19_1489052008885_0010_01_000003   |
2017-03-10 |13:30:46,037	 |Released	 |RESULT=SUCCESS	 |CONTAINERID=container_e19_1489052008885_0010_01_000003   |
-------------------------------------------------------------------------------------------------------------------------------------


Allocated Containers and  Nodes: 
=============================== 

---------------------------------------------------------------------------------------------------------------------------------------------------------
2017-03-1013:30:02,884 | Assigned | container_e19_1489052008885_0010_01_000001 | <memory:1024,vCores:1,disks:0.0>on | sat-node6.cluster.com:57253, | 2
2017-03-1013:30:30,505 | Assigned | container_e19_1489052008885_0010_01_000004 | <memory:2048,vCores:1,disks:0.0>on | sat-node5.cluster.com:45231, | 2
2017-03-1013:30:46,035 | Assigned | container_e19_1489052008885_0010_01_000003 | <memory:2048,vCores:1,disks:0.0>on | sat-node6.cluster.com:57253, | 2
---------------------------------------------------------------------------------------------------------------------------------------------------------

Total Number of Containers Allocated: 3

Released Containers and  Nodes: 
=============================== 

---------------------------------------------------------------------------------------------------------------------------------------------------------
2017-03-1013:30:45,626 | Released | container_e19_1489052008885_0010_01_000004 | <memory:2048,vCores:1,disks:0.0>on | sat-node5.cluster.com:45231, | 1
2017-03-1013:30:46,035 | Released | container_e19_1489052008885_0010_01_000001 | <memory:1024,vCores:1,disks:0.0>on | sat-node6.cluster.com:57253, | 1
2017-03-1013:30:46,037 | Released | container_e19_1489052008885_0010_01_000003 | <memory:2048,vCores:1,disks:0.0>on | sat-node6.cluster.com:57253, | 1
---------------------------------------------------------------------------------------------------------------------------------------------------------


Application State changes: 
========================= 

-----------------------------------------------------------------------------------------
2017-03-10|13:30:00,390 | application_1489052008885_0010 | NEW-->NEW_SAVING
2017-03-10|13:30:00,424 | application_1489052008885_0010 | NEW_SAVING-->SUBMITTED
2017-03-10|13:30:00,424 | application_1489052008885_0010 | SUBMITTED-->ACCEPTED
2017-03-10|13:30:08,703 | application_1489052008885_0010 | ACCEPTED-->RUNNING
2017-03-10|13:30:44,608 | application_1489052008885_0010 | RUNNING-->FINAL_SAVING
2017-03-10|13:30:44,646 | application_1489052008885_0010 | FINAL_SAVING-->FINISHING
2017-03-10|13:30:46,034 | application_1489052008885_0010 | FINISHING-->FINISHED
-----------------------------------------------------------------------------------------


Container  State changes: 
========================= 

-----------------------------------------------------------------------------------------
container_e19_1489052008885_0010_01_000001
-----------------------------------------------------------------------------------------
2017-03-10|13:30:00,875 | container_e19_1489052008885_0010_01_000001 | NEW -->RESERVED
2017-03-10|13:30:02,884 | container_e19_1489052008885_0010_01_000001 | NEW -->ALLOCATED
2017-03-10|13:30:02,886 | container_e19_1489052008885_0010_01_000001 | ALLOCATED -->ACQUIRED
2017-03-10|13:30:03,885 | container_e19_1489052008885_0010_01_000001 | ACQUIRED -->RUNNING
2017-03-10|13:30:46,034 | container_e19_1489052008885_0010_01_000001 | RUNNING -->COMPLETED

-----------------------------------------------------------------------------------------
container_e19_1489052008885_0010_01_000004
-----------------------------------------------------------------------------------------
2017-03-10|13:30:09,431 | container_e19_1489052008885_0010_01_000004 | NEW -->RESERVED
2017-03-10|13:30:30,504 | container_e19_1489052008885_0010_01_000004 | NEW -->ALLOCATED
2017-03-10|13:30:32,831 | container_e19_1489052008885_0010_01_000004 | ALLOCATED -->ACQUIRED
2017-03-10|13:30:33,526 | container_e19_1489052008885_0010_01_000004 | ACQUIRED -->RUNNING
2017-03-10|13:30:45,626 | container_e19_1489052008885_0010_01_000004 | RUNNING -->COMPLETED

-----------------------------------------------------------------------------------------
container_e19_1489052008885_0010_01_000003
-----------------------------------------------------------------------------------------
2017-03-10|13:30:08,900 | container_e19_1489052008885_0010_01_000003 | NEW -->RESERVED
2017-03-10|13:30:46,035 | container_e19_1489052008885_0010_01_000003 | NEW -->ALLOCATED
2017-03-10|13:30:46,036 | container_e19_1489052008885_0010_01_000003 | ALLOCATED -->KILLED

